Started GET "/" for 127.0.0.1 at 2017-08-07 20:38:14 -0700
Processing by Rails::WelcomeController#index as HTML
  Rendering /Users/dan/.rvm/gems/ruby-2.4.1/gems/railties-5.1.3/lib/rails/templates/rails/welcome/index.html.erb
  Rendered /Users/dan/.rvm/gems/ruby-2.4.1/gems/railties-5.1.3/lib/rails/templates/rails/welcome/index.html.erb (3.6ms)
Completed 200 OK in 12ms (Views: 9.5ms)


Started GET "/rivers" for 127.0.0.1 at 2017-08-07 20:52:32 -0700
  
ActionController::RoutingError (No route matches [GET] "/rivers"):
  
actionpack (5.1.3) lib/action_dispatch/middleware/debug_exceptions.rb:63:in `call'
actionpack (5.1.3) lib/action_dispatch/middleware/show_exceptions.rb:31:in `call'
railties (5.1.3) lib/rails/rack/logger.rb:36:in `call_app'
railties (5.1.3) lib/rails/rack/logger.rb:24:in `block in call'
activesupport (5.1.3) lib/active_support/tagged_logging.rb:69:in `block in tagged'
activesupport (5.1.3) lib/active_support/tagged_logging.rb:26:in `tagged'
activesupport (5.1.3) lib/active_support/tagged_logging.rb:69:in `tagged'
railties (5.1.3) lib/rails/rack/logger.rb:24:in `call'
actionpack (5.1.3) lib/action_dispatch/middleware/remote_ip.rb:79:in `call'
actionpack (5.1.3) lib/action_dispatch/middleware/request_id.rb:25:in `call'
rack (2.0.3) lib/rack/runtime.rb:22:in `call'
activesupport (5.1.3) lib/active_support/cache/strategy/local_cache_middleware.rb:27:in `call'
actionpack (5.1.3) lib/action_dispatch/middleware/executor.rb:12:in `call'
actionpack (5.1.3) lib/action_dispatch/middleware/static.rb:125:in `call'
rack (2.0.3) lib/rack/sendfile.rb:111:in `call'
railties (5.1.3) lib/rails/engine.rb:522:in `call'
puma (3.9.1) lib/puma/configuration.rb:224:in `call'
puma (3.9.1) lib/puma/server.rb:602:in `handle_request'
puma (3.9.1) lib/puma/server.rb:435:in `process_client'
puma (3.9.1) lib/puma/server.rb:299:in `block in run'
puma (3.9.1) lib/puma/thread_pool.rb:120:in `block in spawn_thread'
Started GET "/rivers" for 127.0.0.1 at 2017-08-07 20:55:17 -0700
Processing by RiversController#index as */*
Completed 200 OK in 2688ms (Views: 0.2ms)


Started GET "/rivers" for 127.0.0.1 at 2017-08-07 20:55:56 -0700
Processing by RiversController#index as */*
Completed 200 OK in 1317ms (Views: 0.1ms)


